<?xml version="1.0" encoding="UTF-8"?>
<testsuite name="agh.ics.oop.AnimalTest" tests="1" skipped="0" failures="0" errors="0" timestamp="2022-10-22T14:17:42" hostname="MacBook-Jacek.local" time="0.01">
  <properties/>
  <testcase name="Test_2()" classname="agh.ics.oop.AnimalTest" time="0.01"/>
  <system-out><![CDATA[]]></system-out>
  <system-err><![CDATA[]]></system-err>
</testsuite>
