<?xml version="1.0" encoding="UTF-8"?>
<testsuite name="agh.ics.oop.AnimalTest" tests="4" skipped="0" failures="0" errors="0" timestamp="2022-10-24T13:52:53" hostname="MacBook-Jacek.local" time="0.009">
  <properties/>
  <testcase name="Test_1()" classname="agh.ics.oop.AnimalTest" time="0.008"/>
  <testcase name="Test_2()" classname="agh.ics.oop.AnimalTest" time="0.0"/>
  <testcase name="Test_3()" classname="agh.ics.oop.AnimalTest" time="0.001"/>
  <testcase name="Test_4()" classname="agh.ics.oop.AnimalTest" time="0.0"/>
  <system-out><![CDATA[]]></system-out>
  <system-err><![CDATA[]]></system-err>
</testsuite>
